<?xml version="1.0" encoding="UTF-8"?>
<testng-results ignored="0" total="2" passed="2" failed="0" skipped="0">
  <reporter-output>
  </reporter-output>
  <suite started-at="2024-09-18T18:54:37 IST" name="Suite" finished-at="2024-09-18T18:55:26 IST" duration-ms="49178">
    <groups>
    </groups>
    <test started-at="2024-09-18T18:54:37 IST" name="Test" finished-at="2024-09-18T18:55:26 IST" duration-ms="49178">
      <class name="seleniumProject.Project1.Testcase2">
        <test-method is-config="true" signature="login()[pri:0, instance:seleniumProject.Project1.Testcase2@7c24b813]" started-at="2024-09-18T18:54:37 IST" name="login" finished-at="2024-09-18T18:54:55 IST" duration-ms="18624" status="PASS">
          <reporter-output>
          </reporter-output>
        </test-method> <!-- login -->
        <test-method signature="registernewuser()[pri:0, instance:seleniumProject.Project1.Testcase2@7c24b813]" started-at="2024-09-18T18:54:55 IST" name="registernewuser" finished-at="2024-09-18T18:55:01 IST" duration-ms="5863" status="PASS">
          <reporter-output>
          </reporter-output>
        </test-method> <!-- registernewuser -->
        <test-method is-config="true" signature="logout()[pri:0, instance:seleniumProject.Project1.Testcase2@7c24b813]" started-at="2024-09-18T18:55:01 IST" name="logout" finished-at="2024-09-18T18:55:05 IST" duration-ms="3881" status="PASS">
          <reporter-output>
          </reporter-output>
        </test-method> <!-- logout -->
      </class> <!-- seleniumProject.Project1.Testcase2 -->
      <class name="seleniumProject.Project1.TestCase1">
        <test-method is-config="true" signature="login()[pri:0, instance:seleniumProject.Project1.TestCase1@49049a04]" started-at="2024-09-18T18:55:05 IST" name="login" finished-at="2024-09-18T18:55:20 IST" duration-ms="15143" status="PASS">
          <reporter-output>
          </reporter-output>
        </test-method> <!-- login -->
        <test-method signature="registernewuser()[pri:0, instance:seleniumProject.Project1.TestCase1@49049a04]" started-at="2024-09-18T18:55:20 IST" name="registernewuser" finished-at="2024-09-18T18:55:25 IST" duration-ms="4530" status="PASS">
          <reporter-output>
          </reporter-output>
        </test-method> <!-- registernewuser -->
        <test-method is-config="true" signature="logout()[pri:0, instance:seleniumProject.Project1.TestCase1@49049a04]" started-at="2024-09-18T18:55:25 IST" name="logout" finished-at="2024-09-18T18:55:26 IST" duration-ms="1024" status="PASS">
          <reporter-output>
          </reporter-output>
        </test-method> <!-- logout -->
      </class> <!-- seleniumProject.Project1.TestCase1 -->
    </test> <!-- Test -->
  </suite> <!-- Suite -->
</testng-results>
